I, [2019-11-03T16:27:45.300702 #18942]  INFO -- : Registered expected interaction GET /domains/domain.com/subdomains
D, [2019-11-03T16:27:45.301297 #18942] DEBUG -- : {
  "description": "a request on /domains/domain.com/subdomains",
  "providerState": "subdomains exist for the given domain",
  "request": {
    "method": "GET",
    "path": "/domains/domain.com/subdomains"
  },
  "response": {
    "status": 200,
    "headers": {
    },
    "body": {
      "json_class": "Pact::SomethingLike",
      "contents": {
        "domains": [
          {
            "name": "test.com"
          }
        ]
      }
    }
  }
}
I, [2019-11-03T16:27:45.310138 #18942]  INFO -- : Received request GET /domains/domain.com/subdomains
D, [2019-11-03T16:27:45.310285 #18942] DEBUG -- : {
  "path": "/domains/domain.com/subdomains",
  "query": "",
  "method": "get",
  "headers": {
    "Accept": "application/json, text/plain, */*",
    "User-Agent": "axios/0.19.0",
    "Host": "localhost:10001",
    "Connection": "close",
    "Version": "HTTP/1.1"
  }
}
I, [2019-11-03T16:27:45.310579 #18942]  INFO -- : Found matching response for GET /domains/domain.com/subdomains
D, [2019-11-03T16:27:45.310743 #18942] DEBUG -- : {
  "status": 200,
  "headers": {
  },
  "body": {
    "json_class": "Pact::SomethingLike",
    "contents": {
      "domains": [
        {
          "name": "test.com"
        }
      ]
    }
  }
}
I, [2019-11-03T16:27:45.320446 #18942]  INFO -- : Writing pact for nocht-domains to /home/chaospie/repos/nocht/nocht-search-ui/pacts/nocht-ui-nocht-domains.json
